=== task009 exit=0 ===
[
  {
    "task": 9,
    "decision": "ADOPT",
    "cost": 2619,
    "lib_gold": true,
    "official_gold": true,
    "margin_stable": true,
    "margin_min": 1.0,
    "fresh_total": 5000,
    "fresh_fails": 0,
    "fresh_rate": 1.0,
    "min_fresh_rate": 1.0,
    "fresh_ok": true,
    "path": "/Users/kimura2003/Downloads/projects/Kaggle/Neurogolf/scripts/golf/loop_7999_13/lane_sound_a2/sound_controls/task009.onnx"
  }
]


ADOPT=1/1
  task009: ADOPT fresh=0/5000 rate=1.0 threshold=1.0 lib=True off=True margin=1.0 cost=2619

=== task077 exit=0 ===
[
  {
    "task": 77,
    "decision": "ADOPT",
    "cost": 47796,
    "lib_gold": true,
    "official_gold": true,
    "margin_stable": true,
    "margin_min": 1.0,
    "fresh_total": 5000,
    "fresh_fails": 0,
    "fresh_rate": 1.0,
    "min_fresh_rate": 1.0,
    "fresh_ok": true,
    "path": "/Users/kimura2003/Downloads/projects/Kaggle/Neurogolf/scripts/golf/loop_7999_13/lane_sound_a2/sound_controls/task077.onnx"
  }
]


ADOPT=1/1
  task077: ADOPT fresh=0/5000 rate=1.0 threshold=1.0 lib=True off=True margin=1.0 cost=47796

=== task173 exit=0 ===
[
  {
    "task": 173,
    "decision": "ADOPT",
    "cost": 53570,
    "lib_gold": true,
    "official_gold": true,
    "margin_stable": true,
    "margin_min": 1.0,
    "fresh_total": 5000,
    "fresh_fails": 0,
    "fresh_rate": 1.0,
    "min_fresh_rate": 1.0,
    "fresh_ok": true,
    "path": "/Users/kimura2003/Downloads/projects/Kaggle/Neurogolf/scripts/golf/loop_7999_13/lane_sound_a2/sound_controls/task173.onnx"
  }
]


ADOPT=1/1
  task173: ADOPT fresh=0/5000 rate=1.0 threshold=1.0 lib=True off=True margin=1.0 cost=53570
