{
  "candidate": {
    "task": 168,
    "source": "candidate",
    "sha256": "dcf6a0cc845c4363197195dcf72e64f89e45116eacdc08ac767cfc0076f845f4",
    "serialized_size": 4045,
    "valid": true,
    "preflight_ok": true,
    "known": {
      "right": 265,
      "wrong": 0,
      "skipped": 0,
      "errors": 0,
      "total_seen": 265
    },
    "memory": 237,
    "params": 179,
    "cost": 416,
    "score": 18.969314739738735,
    "node_count": 54,
    "initializer_count": 17,
    "error": "",
    "warnings": []
  },
  "known_failures": [],
  "baseline": {
    "task": 168,
    "source": "baseline",
    "sha256": "a0bc919498a2beaab5da25248d589bd8c2f5f53549036fda634a3e9bf7fb4941",
    "serialized_size": 1463299,
    "valid": true,
    "preflight_ok": true,
    "known": {
      "right": 265,
      "wrong": 0,
      "skipped": 0,
      "errors": 0,
      "total_seen": 265
    },
    "memory": 240,
    "params": 192,
    "cost": 432,
    "score": 18.93157441175589,
    "node_count": 19,
    "initializer_count": 16,
    "error": "",
    "warnings": []
  },
  "baseline_failures": [],
  "differential": null,
  "decision": {
    "task": 168,
    "baseline": {
      "task": 168,
      "source": "baseline",
      "sha256": "a0bc919498a2beaab5da25248d589bd8c2f5f53549036fda634a3e9bf7fb4941",
      "serialized_size": 1463299,
      "valid": true,
      "preflight_ok": true,
      "known": {
        "right": 265,
        "wrong": 0,
        "skipped": 0,
        "errors": 0,
        "total_seen": 265
      },
      "memory": 240,
      "params": 192,
      "cost": 432,
      "score": 18.93157441175589,
      "node_count": 19,
      "initializer_count": 16,
      "error": "",
      "warnings": []
    },
    "candidate": {
      "task": 168,
      "source": "candidate",
      "sha256": "dcf6a0cc845c4363197195dcf72e64f89e45116eacdc08ac767cfc0076f845f4",
      "serialized_size": 4045,
      "valid": true,
      "preflight_ok": true,
      "known": {
        "right": 265,
        "wrong": 0,
        "skipped": 0,
        "errors": 0,
        "total_seen": 265
      },
      "memory": 237,
      "params": 179,
      "cost": 416,
      "score": 18.969314739738735,
      "node_count": 54,
      "initializer_count": 17,
      "error": "",
      "warnings": []
    },
    "differential": null,
    "cost_reduction": 16,
    "projected_gain": 0.037740327982845656,
    "verdict": "ACCEPT_KNOWN_ONLY",
    "reasons": []
  }
}
