{
  "candidate": {
    "task": 192,
    "source": "candidate",
    "sha256": "16f59d172be152d14e087e54085d6ef2cb6ee188528e70e9549c1a3fac391193",
    "serialized_size": 2063,
    "valid": true,
    "preflight_ok": true,
    "known": {
      "right": 265,
      "wrong": 0,
      "skipped": 0,
      "errors": 0,
      "total_seen": 265
    },
    "memory": 3208,
    "params": 117,
    "cost": 3325,
    "score": 16.890775046910043,
    "node_count": 19,
    "initializer_count": 10,
    "error": "",
    "warnings": []
  },
  "known_failures": [],
  "baseline": {
    "task": 192,
    "source": "baseline",
    "sha256": "e7f9a11b93b611acfa4bba39e90e1ddf24223d50add4277fe9716f21f6ede10c",
    "serialized_size": 6470,
    "valid": true,
    "preflight_ok": true,
    "known": {
      "right": 265,
      "wrong": 0,
      "skipped": 0,
      "errors": 0,
      "total_seen": 265
    },
    "memory": 88,
    "params": 1521,
    "cost": 1609,
    "score": 17.61663185300762,
    "node_count": 4,
    "initializer_count": 4,
    "error": "",
    "warnings": []
  },
  "baseline_failures": [],
  "differential": null,
  "decision": {
    "task": 192,
    "baseline": {
      "task": 192,
      "source": "baseline",
      "sha256": "e7f9a11b93b611acfa4bba39e90e1ddf24223d50add4277fe9716f21f6ede10c",
      "serialized_size": 6470,
      "valid": true,
      "preflight_ok": true,
      "known": {
        "right": 265,
        "wrong": 0,
        "skipped": 0,
        "errors": 0,
        "total_seen": 265
      },
      "memory": 88,
      "params": 1521,
      "cost": 1609,
      "score": 17.61663185300762,
      "node_count": 4,
      "initializer_count": 4,
      "error": "",
      "warnings": []
    },
    "candidate": {
      "task": 192,
      "source": "candidate",
      "sha256": "16f59d172be152d14e087e54085d6ef2cb6ee188528e70e9549c1a3fac391193",
      "serialized_size": 2063,
      "valid": true,
      "preflight_ok": true,
      "known": {
        "right": 265,
        "wrong": 0,
        "skipped": 0,
        "errors": 0,
        "total_seen": 265
      },
      "memory": 3208,
      "params": 117,
      "cost": 3325,
      "score": 16.890775046910043,
      "node_count": 19,
      "initializer_count": 10,
      "error": "",
      "warnings": []
    },
    "differential": null,
    "cost_reduction": -1716,
    "projected_gain": -0.7258568060975747,
    "verdict": "REJECT",
    "reasons": [
      "official-like cost did not decrease"
    ]
  }
}
