
ADOPT=3/3
  task168: ADOPT fresh=0/5000 rate=1.0 threshold=1.0 lib=True off=True margin=1643708.0 cost=416
  task192: ADOPT fresh=0/5000 rate=1.0 threshold=1.0 lib=True off=True margin=1.0 cost=3325
  task344: ADOPT fresh=0/5000 rate=1.0 threshold=1.0 lib=True off=True margin=313.70709228515625 cost=197
[
  {
    "task": 168,
    "decision": "ADOPT",
    "cost": 416,
    "lib_gold": true,
    "official_gold": true,
    "margin_stable": true,
    "margin_min": 1643708.0,
    "fresh_total": 5000,
    "fresh_fails": 0,
    "fresh_rate": 1.0,
    "min_fresh_rate": 1.0,
    "fresh_ok": true,
    "path": "scripts/golf/loop_7999_13/lane_sound/task168_sound_cost416.onnx"
  },
  {
    "task": 192,
    "decision": "ADOPT",
    "cost": 3325,
    "lib_gold": true,
    "official_gold": true,
    "margin_stable": true,
    "margin_min": 1.0,
    "fresh_total": 5000,
    "fresh_fails": 0,
    "fresh_rate": 1.0,
    "min_fresh_rate": 1.0,
    "fresh_ok": true,
    "path": "scripts/golf/loop_7999_13/lane_sound/task192_sound_control_cost3325.onnx"
  },
  {
    "task": 344,
    "decision": "ADOPT",
    "cost": 197,
    "lib_gold": true,
    "official_gold": true,
    "margin_stable": true,
    "margin_min": 313.70709228515625,
    "fresh_total": 5000,
    "fresh_fails": 0,
    "fresh_rate": 1.0,
    "min_fresh_rate": 1.0,
    "fresh_ok": true,
    "path": "scripts/golf/loop_7999_13/lane_sound/task344_sound_cost197.onnx"
  }
]
