{"worker": 2, "zip_progress": 100, "survivors": 0}
{"worker": 2, "zip_progress": 200, "survivors": 0}
{"worker": 2, "zip_progress": 300, "survivors": 0}
{"worker": 2, "phase": "exact_simplifier", "task": 24}
{"worker": 2, "phase": "exact_simplifier", "task": 56}
{"worker": 2, "phase": "exact_simplifier", "task": 110}
{"worker": 2, "phase": "exact_simplifier", "task": 139}
{"worker": 2, "phase": "exact_simplifier", "task": 150}
{"worker": 2, "phase": "exact_simplifier", "task": 171}
{"worker": 2, "phase": "exact_simplifier", "task": 227}
{"worker": 2, "phase": "exact_simplifier", "task": 249}
{"worker": 2, "phase": "exact_simplifier", "task": 267}
{"worker": 2, "phase": "exact_simplifier", "task": 291}
{"worker": 2, "phase": "exact_simplifier", "task": 303}
{"worker": 2, "phase": "exact_simplifier", "task": 334}
{"worker": 2, "phase": "exact_simplifier", "task": 385}
{"worker": 2, "phase": "exact_simplifier", "task": 395}
{"worker": 2, "phase": "lowcost_transfer", "task": 24}
{"worker": 2, "phase": "lowcost_transfer", "task": 56}
{"worker": 2, "phase": "lowcost_transfer", "task": 110}
{"worker": 2, "task": 110, "family": "lowcost_literal_transfer", "cost": 10, "known": 0.9849624060150376, "sha": "6c2a0aba6528"}
{"worker": 2, "task": 110, "family": "lowcost_literal_transfer", "cost": 10, "known": 0.9849624060150376, "sha": "2d108b240cff"}
{"worker": 2, "phase": "lowcost_transfer", "task": 139}
{"worker": 2, "phase": "lowcost_transfer", "task": 150}
{"worker": 2, "phase": "lowcost_transfer", "task": 171}
{"worker": 2, "phase": "lowcost_transfer", "task": 227}
{"worker": 2, "phase": "lowcost_transfer", "task": 249}
{"worker": 2, "phase": "lowcost_transfer", "task": 267}
{"worker": 2, "phase": "lowcost_transfer", "task": 291}
{"worker": 2, "phase": "lowcost_transfer", "task": 303}
{"worker": 2, "phase": "lowcost_transfer", "task": 334}
{"worker": 2, "phase": "lowcost_transfer", "task": 385}
{"worker": 2, "phase": "lowcost_transfer", "task": 395}
{"worker": 2, "full_task": 110, "rank": 1, "cost": 10, "known_pass": true, "fresh": [0.9995, 1.0], "pass": true}
{"worker": 2, "band": [21, 50], "assigned": [24, 56, 110, 139, 150, 171, 227, 249, 267, 291, 303, 334, 385, 395], "finalists": [{"task": 110, "cost": 10, "gain": 0.8754687373538999}]}
