{"worker": 1, "task": 188, "family": "history_loose_strict_lower", "cost": 39, "known": 0.9548872180451128, "sha": "4e2813d73ce8"}
{"worker": 1, "zip_progress": 100, "survivors": 1}
{"worker": 1, "zip_progress": 200, "survivors": 1}
{"worker": 1, "zip_progress": 300, "survivors": 1}
{"worker": 1, "phase": "exact_simplifier", "task": 10}
{"worker": 1, "phase": "exact_simplifier", "task": 39}
{"worker": 1, "phase": "exact_simplifier", "task": 98}
{"worker": 1, "phase": "exact_simplifier", "task": 116}
{"worker": 1, "phase": "exact_simplifier", "task": 146}
{"worker": 1, "phase": "exact_simplifier", "task": 167}
{"worker": 1, "phase": "exact_simplifier", "task": 188}
{"worker": 1, "phase": "exact_simplifier", "task": 244}
{"worker": 1, "phase": "exact_simplifier", "task": 262}
{"worker": 1, "phase": "exact_simplifier", "task": 289}
{"worker": 1, "phase": "exact_simplifier", "task": 296}
{"worker": 1, "phase": "exact_simplifier", "task": 332}
{"worker": 1, "phase": "exact_simplifier", "task": 359}
{"worker": 1, "phase": "exact_simplifier", "task": 389}
{"worker": 1, "phase": "lowcost_transfer", "task": 10}
{"worker": 1, "phase": "lowcost_transfer", "task": 39}
{"worker": 1, "phase": "lowcost_transfer", "task": 98}
{"worker": 1, "phase": "lowcost_transfer", "task": 116}
{"worker": 1, "phase": "lowcost_transfer", "task": 146}
{"worker": 1, "phase": "lowcost_transfer", "task": 167}
{"worker": 1, "phase": "lowcost_transfer", "task": 188}
{"worker": 1, "phase": "lowcost_transfer", "task": 244}
{"worker": 1, "phase": "lowcost_transfer", "task": 262}
{"worker": 1, "phase": "lowcost_transfer", "task": 289}
{"worker": 1, "phase": "lowcost_transfer", "task": 296}
{"worker": 1, "phase": "lowcost_transfer", "task": 332}
{"worker": 1, "phase": "lowcost_transfer", "task": 359}
{"worker": 1, "phase": "lowcost_transfer", "task": 389}
{"worker": 1, "full_task": 188, "rank": 1, "cost": 39, "known_pass": true, "fresh": [0.948, 0.9405], "pass": true}
{"worker": 1, "band": [21, 50], "assigned": [10, 39, 98, 116, 146, 167, 188, 244, 262, 289, 296, 332, 359, 389], "finalists": [{"task": 188, "cost": 39, "gain": 0.1650797503594486}]}
