{"worker": 1, "task": 271, "family": "history_loose_strict_lower", "cost": 126, "known": 1.0, "sha": "98b00edd2f23"}
{"worker": 1, "zip_progress": 100, "survivors": 1}
{"worker": 1, "zip_progress": 200, "survivors": 1}
{"worker": 1, "zip_progress": 300, "survivors": 1}
{"worker": 1, "phase": "exact_simplifier", "task": 20}
{"worker": 1, "phase": "exact_simplifier", "task": 59}
{"worker": 1, "phase": "exact_simplifier", "task": 68}
{"worker": 1, "phase": "exact_simplifier", "task": 85}
{"worker": 1, "phase": "exact_simplifier", "task": 94}
{"worker": 1, "phase": "exact_simplifier", "task": 106}
{"worker": 1, "phase": "exact_simplifier", "task": 115}
{"worker": 1, "phase": "exact_simplifier", "task": 122}
{"worker": 1, "phase": "exact_simplifier", "task": 162}
{"worker": 1, "phase": "exact_simplifier", "task": 183}
{"worker": 1, "phase": "exact_simplifier", "task": 193}
{"worker": 1, "phase": "exact_simplifier", "task": 206}
{"worker": 1, "phase": "exact_simplifier", "task": 217}
{"worker": 1, "phase": "exact_simplifier", "task": 224}
{"worker": 1, "phase": "exact_simplifier", "task": 240}
{"worker": 1, "phase": "exact_simplifier", "task": 256}
{"worker": 1, "phase": "exact_simplifier", "task": 260}
{"worker": 1, "phase": "exact_simplifier", "task": 271}
{"worker": 1, "phase": "exact_simplifier", "task": 288}
{"worker": 1, "phase": "exact_simplifier", "task": 304}
{"worker": 1, "phase": "exact_simplifier", "task": 315}
{"worker": 1, "phase": "exact_simplifier", "task": 327}
{"worker": 1, "phase": "exact_simplifier", "task": 348}
{"worker": 1, "phase": "exact_simplifier", "task": 376}
{"worker": 1, "phase": "exact_simplifier", "task": 400}
{"worker": 1, "phase": "lowcost_transfer", "task": 20}
{"worker": 1, "phase": "lowcost_transfer", "task": 59}
{"worker": 1, "phase": "lowcost_transfer", "task": 68}
{"worker": 1, "phase": "lowcost_transfer", "task": 85}
{"worker": 1, "phase": "lowcost_transfer", "task": 94}
{"worker": 1, "phase": "lowcost_transfer", "task": 106}
{"worker": 1, "phase": "lowcost_transfer", "task": 115}
{"worker": 1, "phase": "lowcost_transfer", "task": 122}
{"worker": 1, "phase": "lowcost_transfer", "task": 162}
{"worker": 1, "phase": "lowcost_transfer", "task": 183}
{"worker": 1, "phase": "lowcost_transfer", "task": 193}
{"worker": 1, "phase": "lowcost_transfer", "task": 206}
{"worker": 1, "phase": "lowcost_transfer", "task": 217}
{"worker": 1, "phase": "lowcost_transfer", "task": 224}
{"worker": 1, "phase": "lowcost_transfer", "task": 240}
{"worker": 1, "phase": "lowcost_transfer", "task": 256}
{"worker": 1, "phase": "lowcost_transfer", "task": 260}
{"worker": 1, "phase": "lowcost_transfer", "task": 271}
{"worker": 1, "phase": "lowcost_transfer", "task": 288}
{"worker": 1, "phase": "lowcost_transfer", "task": 304}
{"worker": 1, "phase": "lowcost_transfer", "task": 315}
{"worker": 1, "phase": "lowcost_transfer", "task": 327}
{"worker": 1, "phase": "lowcost_transfer", "task": 348}
{"worker": 1, "phase": "lowcost_transfer", "task": 376}
{"worker": 1, "phase": "lowcost_transfer", "task": 400}
{"worker": 1, "full_task": 271, "rank": 1, "cost": 126, "known_pass": true, "fresh": [0.0, 0.0], "pass": false}
{"worker": 1, "band": [100, 199], "assigned": [20, 59, 68, 85, 94, 106, 115, 122, 162, 183, 193, 206, 217, 224, 240, 256, 260, 271, 288, 304, 315, 327, 348, 376, 400], "finalists": []}
