{"worker": 0, "task": 7, "family": "history_loose_strict_lower", "cost": 68, "known": 0.9774436090225563, "sha": "fa22f345634e"}
{"worker": 0, "zip_progress": 100, "survivors": 1}
{"worker": 0, "zip_progress": 200, "survivors": 1}
{"worker": 0, "zip_progress": 300, "survivors": 1}
{"worker": 0, "phase": "exact_simplifier", "task": 7}
{"worker": 0, "phase": "exact_simplifier", "task": 26}
{"worker": 0, "phase": "exact_simplifier", "task": 41}
{"worker": 0, "phase": "exact_simplifier", "task": 100}
{"worker": 0, "phase": "exact_simplifier", "task": 126}
{"worker": 0, "phase": "exact_simplifier", "task": 152}
{"worker": 0, "phase": "exact_simplifier", "task": 211}
{"worker": 0, "phase": "exact_simplifier", "task": 235}
{"worker": 0, "phase": "exact_simplifier", "task": 258}
{"worker": 0, "phase": "exact_simplifier", "task": 274}
{"worker": 0, "phase": "exact_simplifier", "task": 294}
{"worker": 0, "phase": "exact_simplifier", "task": 339}
{"worker": 0, "phase": "exact_simplifier", "task": 380}
{"worker": 0, "phase": "lowcost_transfer", "task": 7}
{"worker": 0, "phase": "lowcost_transfer", "task": 26}
{"worker": 0, "phase": "lowcost_transfer", "task": 41}
{"worker": 0, "phase": "lowcost_transfer", "task": 100}
{"worker": 0, "phase": "lowcost_transfer", "task": 126}
{"worker": 0, "phase": "lowcost_transfer", "task": 152}
{"worker": 0, "phase": "lowcost_transfer", "task": 211}
{"worker": 0, "phase": "lowcost_transfer", "task": 235}
{"worker": 0, "phase": "lowcost_transfer", "task": 258}
{"worker": 0, "phase": "lowcost_transfer", "task": 274}
{"worker": 0, "phase": "lowcost_transfer", "task": 294}
{"worker": 0, "phase": "lowcost_transfer", "task": 339}
{"worker": 0, "phase": "lowcost_transfer", "task": 380}
{"worker": 0, "full_task": 7, "rank": 1, "cost": 68, "known_pass": true, "fresh": [0.9745, 0.9795], "pass": true}
{"worker": 0, "band": [51, 75], "assigned": [7, 26, 41, 100, 126, 152, 211, 235, 258, 274, 294, 339, 380], "finalists": [{"task": 7, "cost": 68, "gain": 0.028987536873252187}]}
