{"worker": 1, "task": 287, "family": "history_loose_strict_lower", "cost": 30, "known": 0.9850187265917603, "sha": "4c838e1fbc1c"}
{"worker": 1, "zip_progress": 100, "survivors": 1}
{"worker": 1, "zip_progress": 200, "survivors": 1}
{"worker": 1, "zip_progress": 300, "survivors": 1}
{"worker": 1, "phase": "exact_simplifier", "task": 21}
{"worker": 1, "phase": "exact_simplifier", "task": 28}
{"worker": 1, "phase": "exact_simplifier", "task": 78}
{"worker": 1, "phase": "exact_simplifier", "task": 104}
{"worker": 1, "phase": "exact_simplifier", "task": 128}
{"worker": 1, "phase": "exact_simplifier", "task": 181}
{"worker": 1, "phase": "exact_simplifier", "task": 215}
{"worker": 1, "phase": "exact_simplifier", "task": 236}
{"worker": 1, "phase": "exact_simplifier", "task": 261}
{"worker": 1, "phase": "exact_simplifier", "task": 287}
{"worker": 1, "phase": "exact_simplifier", "task": 298}
{"worker": 1, "phase": "exact_simplifier", "task": 351}
{"worker": 1, "phase": "lowcost_transfer", "task": 21}
{"worker": 1, "phase": "lowcost_transfer", "task": 28}
{"worker": 1, "phase": "lowcost_transfer", "task": 78}
{"worker": 1, "phase": "lowcost_transfer", "task": 104}
{"worker": 1, "phase": "lowcost_transfer", "task": 128}
{"worker": 1, "phase": "lowcost_transfer", "task": 181}
{"worker": 1, "phase": "lowcost_transfer", "task": 215}
{"worker": 1, "phase": "lowcost_transfer", "task": 236}
{"worker": 1, "phase": "lowcost_transfer", "task": 261}
{"worker": 1, "phase": "lowcost_transfer", "task": 287}
{"worker": 1, "phase": "lowcost_transfer", "task": 298}
{"worker": 1, "phase": "lowcost_transfer", "task": 351}
{"worker": 1, "full_task": 287, "rank": 1, "cost": 30, "known_pass": true, "fresh": [1.0, 1.0], "pass": true}
{"worker": 1, "band": [51, 75], "assigned": [21, 28, 78, 104, 128, 181, 215, 236, 261, 287, 298, 351], "finalists": [{"task": 287, "cost": 30, "gain": 0.9028677115420144}]}
