{"worker": 2, "task": 271, "family": "history_loose_strict_lower", "cost": 126, "known": 1.0, "sha": "98b00edd2f23"}
{"worker": 2, "zip_progress": 100, "survivors": 1}
{"worker": 2, "zip_progress": 200, "survivors": 1}
{"worker": 2, "zip_progress": 300, "survivors": 1}
{"worker": 2, "phase": "exact_simplifier", "task": 30}
{"worker": 2, "phase": "exact_simplifier", "task": 59}
{"worker": 2, "phase": "exact_simplifier", "task": 68}
{"worker": 2, "phase": "exact_simplifier", "task": 79}
{"worker": 2, "phase": "exact_simplifier", "task": 91}
{"worker": 2, "phase": "exact_simplifier", "task": 97}
{"worker": 2, "phase": "exact_simplifier", "task": 108}
{"worker": 2, "phase": "exact_simplifier", "task": 119}
{"worker": 2, "phase": "exact_simplifier", "task": 136}
{"worker": 2, "phase": "exact_simplifier", "task": 163}
{"worker": 2, "phase": "exact_simplifier", "task": 189}
{"worker": 2, "phase": "exact_simplifier", "task": 194}
{"worker": 2, "phase": "exact_simplifier", "task": 207}
{"worker": 2, "phase": "exact_simplifier", "task": 220}
{"worker": 2, "phase": "exact_simplifier", "task": 230}
{"worker": 2, "phase": "exact_simplifier", "task": 243}
{"worker": 2, "phase": "exact_simplifier", "task": 256}
{"worker": 2, "phase": "exact_simplifier", "task": 260}
{"worker": 2, "phase": "exact_simplifier", "task": 271}
{"worker": 2, "phase": "exact_simplifier", "task": 288}
{"worker": 2, "phase": "exact_simplifier", "task": 304}
{"worker": 2, "phase": "exact_simplifier", "task": 315}
{"worker": 2, "phase": "exact_simplifier", "task": 327}
{"worker": 2, "phase": "exact_simplifier", "task": 348}
{"worker": 2, "phase": "exact_simplifier", "task": 376}
{"worker": 2, "phase": "exact_simplifier", "task": 388}
{"worker": 2, "phase": "lowcost_transfer", "task": 30}
{"worker": 2, "phase": "lowcost_transfer", "task": 59}
{"worker": 2, "phase": "lowcost_transfer", "task": 68}
{"worker": 2, "phase": "lowcost_transfer", "task": 79}
{"worker": 2, "phase": "lowcost_transfer", "task": 91}
{"worker": 2, "phase": "lowcost_transfer", "task": 97}
{"worker": 2, "phase": "lowcost_transfer", "task": 108}
{"worker": 2, "phase": "lowcost_transfer", "task": 119}
{"worker": 2, "phase": "lowcost_transfer", "task": 136}
{"worker": 2, "phase": "lowcost_transfer", "task": 163}
{"worker": 2, "phase": "lowcost_transfer", "task": 189}
{"worker": 2, "phase": "lowcost_transfer", "task": 194}
{"worker": 2, "phase": "lowcost_transfer", "task": 207}
{"worker": 2, "phase": "lowcost_transfer", "task": 220}
{"worker": 2, "phase": "lowcost_transfer", "task": 230}
{"worker": 2, "phase": "lowcost_transfer", "task": 243}
{"worker": 2, "phase": "lowcost_transfer", "task": 256}
{"worker": 2, "phase": "lowcost_transfer", "task": 260}
{"worker": 2, "phase": "lowcost_transfer", "task": 271}
{"worker": 2, "phase": "lowcost_transfer", "task": 288}
{"worker": 2, "phase": "lowcost_transfer", "task": 304}
{"worker": 2, "phase": "lowcost_transfer", "task": 315}
{"worker": 2, "phase": "lowcost_transfer", "task": 327}
{"worker": 2, "phase": "lowcost_transfer", "task": 348}
{"worker": 2, "phase": "lowcost_transfer", "task": 376}
{"worker": 2, "phase": "lowcost_transfer", "task": 388}
{"worker": 2, "full_task": 271, "rank": 1, "cost": 126, "known_pass": true, "fresh": [0.0, 0.0], "pass": false}
{"worker": 2, "band": [100, 199], "assigned": [30, 59, 68, 79, 91, 97, 108, 119, 136, 163, 189, 194, 207, 220, 230, 243, 256, 260, 271, 288, 304, 315, 327, 348, 376, 388], "finalists": []}
