This is e-upTeX, Version 3.141592653-p4.1.2-u2.00-250202-2.6 (utf8.euc) (TeX Live 2025) (preloaded format=platex 2025.5.24)  2 JUL 2026 12:23
entering extended mode
 restricted \write18 enabled.
 %&-line parsing enabled.
**report.tex
(./report.tex
pLaTeX2e <2023-02-14>+1, based on
LaTeX2e <2024-11-01> patch level 2
L3 programming layer <2025-01-18>
(/usr/local/texlive/2025/texmf-dist/tex/platex/base/jarticle.cls
Document Class: jarticle 2020/09/30 v1.8f Standard pLaTeX class
\c@@paper=\count195
(/usr/local/texlive/2025/texmf-dist/tex/platex/base/jsize10.clo
File: jsize10.clo 2020/09/30 v1.8f Standard pLaTeX file (size option)
)
\c@part=\count196
\c@section=\count197
\c@subsection=\count198
\c@subsubsection=\count199
\c@paragraph=\count266
\c@subparagraph=\count267
\c@figure=\count268
\c@table=\count269
\abovecaptionskip=\skip49
\belowcaptionskip=\skip50
\symmincho=\mathgroup4
LaTeX Font Info:    Overwriting symbol font `mincho' in version `bold'
(Font)                  JY1/mc/m/n --> JY1/gt/m/n on input line 615.
\toclineskip=\dimen157
\@lnumwidth=\dimen158
\bibindent=\dimen159
\heisei=\count270
)
(/usr/local/texlive/2025/texmf-dist/tex/latex/graphics/graphicx.sty
Package: graphicx 2021/09/16 v1.2d Enhanced LaTeX Graphics (DPC,SPQR)

(/usr/local/texlive/2025/texmf-dist/tex/latex/graphics/keyval.sty
Package: keyval 2022/05/29 v1.15 key=value parser (DPC)
\KV@toks@=\toks18
)
(/usr/local/texlive/2025/texmf-dist/tex/latex/graphics/graphics.sty
Package: graphics 2024/08/06 v1.4g Standard LaTeX Graphics (DPC,SPQR)

(/usr/local/texlive/2025/texmf-dist/tex/latex/graphics/trig.sty
Package: trig 2023/12/02 v1.11 sin cos tan (DPC)
)
(/usr/local/texlive/2025/texmf-dist/tex/latex/graphics-cfg/graphics.cfg
File: graphics.cfg 2016/06/04 v1.11 sample graphics configuration
)
Package graphics Info: Driver file: dvipdfmx.def on input line 106.

(/usr/local/texlive/2025/texmf-dist/tex/latex/graphics-def/dvipdfmx.def
File: dvipdfmx.def 2022/09/22 v5.0m Graphics/color driver for dvipdfmx
))
\Gin@req@height=\dimen160
\Gin@req@width=\dimen161
)
(/usr/local/texlive/2025/texmf-dist/tex/latex/tools/verbatim.sty
Package: verbatim 2024-01-22 v1.5x LaTeX2e package for verbatim enhancements
\every@verbatim=\toks19
\verbatim@line=\toks20
\verbatim@in@stream=\read2
)
(/usr/local/texlive/2025/texmf-dist/tex/latex/amsmath/amsmath.sty
Package: amsmath 2024/11/05 v2.17t AMS math features
\@mathmargin=\skip51

For additional information on amsmath, use the `?' option.
(/usr/local/texlive/2025/texmf-dist/tex/latex/amsmath/amstext.sty
Package: amstext 2021/08/26 v2.01 AMS text

(/usr/local/texlive/2025/texmf-dist/tex/latex/amsmath/amsgen.sty
File: amsgen.sty 1999/11/30 v2.0 generic functions
\@emptytoks=\toks21
\ex@=\dimen162
))
(/usr/local/texlive/2025/texmf-dist/tex/latex/amsmath/amsbsy.sty
Package: amsbsy 1999/11/29 v1.2d Bold Symbols
\pmbraise@=\dimen163
)
(/usr/local/texlive/2025/texmf-dist/tex/latex/amsmath/amsopn.sty
Package: amsopn 2022/04/08 v2.04 operator names
)
\inf@bad=\count271
LaTeX Info: Redefining \frac on input line 233.
\uproot@=\count272
\leftroot@=\count273
LaTeX Info: Redefining \overline on input line 398.
LaTeX Info: Redefining \colon on input line 409.
\classnum@=\count274
\DOTSCASE@=\count275
LaTeX Info: Redefining \ldots on input line 495.
LaTeX Info: Redefining \dots on input line 498.
LaTeX Info: Redefining \cdots on input line 619.
\Mathstrutbox@=\box69
\strutbox@=\box70
LaTeX Info: Redefining \big on input line 721.
LaTeX Info: Redefining \Big on input line 722.
LaTeX Info: Redefining \bigg on input line 723.
LaTeX Info: Redefining \Bigg on input line 724.
\big@size=\dimen164
LaTeX Font Info:    Redeclaring font encoding OML on input line 742.
LaTeX Font Info:    Redeclaring font encoding OMS on input line 743.
\macc@depth=\count276
LaTeX Info: Redefining \bmod on input line 904.
LaTeX Info: Redefining \pmod on input line 909.
LaTeX Info: Redefining \smash on input line 939.
LaTeX Info: Redefining \relbar on input line 969.
LaTeX Info: Redefining \Relbar on input line 970.
\c@MaxMatrixCols=\count277
\dotsspace@=\muskip17
\c@parentequation=\count278
\dspbrk@lvl=\count279
\tag@help=\toks22
\row@=\count280
\column@=\count281
\maxfields@=\count282
\andhelp@=\toks23
\eqnshift@=\dimen165
\alignsep@=\dimen166
\tagshift@=\dimen167
\tagwidth@=\dimen168
\totwidth@=\dimen169
\lineht@=\dimen170
\@envbody=\toks24
\multlinegap=\skip52
\multlinetaggap=\skip53
\mathdisplay@stack=\toks25
LaTeX Info: Redefining \[ on input line 2953.
LaTeX Info: Redefining \] on input line 2954.
)
(/usr/local/texlive/2025/texmf-dist/tex/latex/geometry/geometry.sty
Package: geometry 2020/01/02 v5.9 Page Geometry

(/usr/local/texlive/2025/texmf-dist/tex/generic/iftex/ifvtex.sty
Package: ifvtex 2019/10/25 v1.7 ifvtex legacy package. Use iftex instead.

(/usr/local/texlive/2025/texmf-dist/tex/generic/iftex/iftex.sty
Package: iftex 2024/12/12 v1.0g TeX engine tests
))
\Gm@cnth=\count283
\Gm@cntv=\count284
\c@Gm@tempcnt=\count285
\Gm@bindingoffset=\dimen171
\Gm@wd@mp=\dimen172
\Gm@odd@mp=\dimen173
\Gm@even@mp=\dimen174
\Gm@layoutwidth=\dimen175
\Gm@layoutheight=\dimen176
\Gm@layouthoffset=\dimen177
\Gm@layoutvoffset=\dimen178
\Gm@dimlist=\toks26
)
(/usr/local/texlive/2025/texmf-dist/tex/latex/l3backend/l3backend-dvips.def
File: l3backend-dvips.def 2024-05-08 L3 backend support: dvips
\l__pdf_internal_box=\box71
\l__pdf_backend_content_box=\box72
\l__pdf_backend_model_box=\box73
\g__pdf_backend_annotation_int=\count286
\g__pdf_backend_link_int=\count287
\g__pdf_backend_link_sf_int=\count288
)
(./report.aux)
\openout1 = `report.aux'.

LaTeX Font Info:    Checking defaults for OML/cmm/m/it on input line 15.
LaTeX Font Info:    ... okay on input line 15.
LaTeX Font Info:    Checking defaults for OMS/cmsy/m/n on input line 15.
LaTeX Font Info:    ... okay on input line 15.
LaTeX Font Info:    Checking defaults for OT1/cmr/m/n on input line 15.
LaTeX Font Info:    ... okay on input line 15.
LaTeX Font Info:    Checking defaults for T1/cmr/m/n on input line 15.
LaTeX Font Info:    ... okay on input line 15.
LaTeX Font Info:    Checking defaults for TS1/cmr/m/n on input line 15.
LaTeX Font Info:    ... okay on input line 15.
LaTeX Font Info:    Checking defaults for OMX/cmex/m/n on input line 15.
LaTeX Font Info:    ... okay on input line 15.
LaTeX Font Info:    Checking defaults for U/cmr/m/n on input line 15.
LaTeX Font Info:    ... okay on input line 15.
LaTeX Font Info:    Checking defaults for JY1/mc/m/n on input line 15.
LaTeX Font Info:    ... okay on input line 15.
LaTeX Font Info:    Checking defaults for JT1/mc/m/n on input line 15.
LaTeX Font Info:    ... okay on input line 15.

*geometry* driver: auto-detecting
*geometry* detected driver: dvips
*geometry* verbose mode - [ preamble ] result:
* driver: dvips
* paper: a4paper
* layout: <same size as paper>
* layoutoffset:(h,v)=(0.0pt,0.0pt)
* modes: 
* h-part:(L,W,R)=(71.13188pt, 455.24411pt, 71.13188pt)
* v-part:(T,H,B)=(85.35826pt, 674.33032pt, 85.35826pt)
* \paperwidth=597.50787pt
* \paperheight=845.04684pt
* \textwidth=455.24411pt
* \textheight=674.33032pt
* \oddsidemargin=-1.1381pt
* \evensidemargin=-1.1381pt
* \topmargin=-23.91173pt
* \headheight=12.0pt
* \headsep=25.0pt
* \topskip=7.77588pt
* \footskip=30.0pt
* \marginparwidth=106.0pt
* \marginparsep=10.0pt
* \columnsep=10.0pt
* \skip\footins=9.0pt plus 4.0pt minus 2.0pt
* \hoffset=0.0pt
* \voffset=0.0pt
* \mag=1000
* \@twocolumnfalse
* \@twosidefalse
* \@mparswitchfalse
* \@reversemarginfalse
* (1in=72.27pt=25.4mm, 1cm=28.453pt)



[1

] (./sections/01_kadai.tex
LaTeX Font Info:    Font shape `JT1/mc/bx/n' in size <14.4> not available
(Font)              Font shape `JT1/gt/m/n' tried instead on input line 1.
LaTeX Font Info:    Font shape `JY1/mc/bx/n' in size <14.4> not available
(Font)              Font shape `JY1/gt/m/n' tried instead on input line 1.
LaTeX Font Info:    Font shape `JT1/mc/bx/n' in size <10> not available
(Font)              Font shape `JT1/gt/m/n' tried instead on input line 6.
LaTeX Font Info:    Font shape `JY1/mc/bx/n' in size <10> not available
(Font)              Font shape `JY1/gt/m/n' tried instead on input line 6.
) (./sections/02_algorithm.tex
LaTeX Font Info:    Font shape `JT1/mc/bx/n' in size <12> not available
(Font)              Font shape `JT1/gt/m/n' tried instead on input line 5.
LaTeX Font Info:    Font shape `JY1/mc/bx/n' in size <12> not available
(Font)              Font shape `JY1/gt/m/n' tried instead on input line 5.


[1]

[2]

[3]) (./sections/03_program.tex
Overfull \hbox (11.26025pt too wide) in paragraph at lines 24--31
\OT1/cmtt/m/n/10 np.linalg.norm \JY1/mc/m/n/10 で計算して 、 距離最小のフレ ー
ム番号を求める 。 その後 \OT1/cmtt/m/n/10 cap.set(cv2.CAP[]PROP[]POS[]FRAMES,
 []



[4]
LaTeX Font Info:    Trying to load font information for OMS+cmtt on input line 
91.
LaTeX Font Info:    No file OMScmtt.fd. on input line 91.


LaTeX Font Warning: Font shape `OMS/cmtt/m/n' undefined
(Font)              using `OMS/cmsy/m/n' instead
(Font)              for symbol `textbraceleft' on input line 91.

) (./sections/04_results.tex

[5]
File: ../dataset/images/output/6324034_thumbnail.jpg Graphic file (type bmp)
<../dataset/images/output/6324034_thumbnail.jpg>


[6]
File: ../dataset/images/output/6324034_spectrogram.jpg Graphic file (type bmp)
<../dataset/images/output/6324034_spectrogram.jpg>
File: ../dataset/images/output/6324034_2gram_graph.jpg Graphic file (type bmp)
<../dataset/images/output/6324034_2gram_graph.jpg>
File: ../dataset/images/output/6324034_2gram_graph_no_stopwords.jpg Graphic fil
e (type bmp)
<../dataset/images/output/6324034_2gram_graph_no_stopwords.jpg>
File: ../dataset/images/output/6324034_framediff.jpg Graphic file (type bmp)
<../dataset/images/output/6324034_framediff.jpg>


[7]

[8]
File: ../dataset/images/output/6324034_boundary_frame77.jpg Graphic file (type 
bmp)
<../dataset/images/output/6324034_boundary_frame77.jpg>
File: ../dataset/images/output/6324034_boundary_frame78.jpg Graphic file (type 
bmp)
<../dataset/images/output/6324034_boundary_frame78.jpg>
File: ../dataset/images/output/6324034_boundary_frame213.jpg Graphic file (type
 bmp)
<../dataset/images/output/6324034_boundary_frame213.jpg>
File: ../dataset/images/output/6324034_boundary_frame214.jpg Graphic file (type
 bmp)
<../dataset/images/output/6324034_boundary_frame214.jpg>
File: ../dataset/images/output/6324034_boundary_frame256.jpg Graphic file (type
 bmp)
<../dataset/images/output/6324034_boundary_frame256.jpg>
File: ../dataset/images/output/6324034_boundary_frame257.jpg Graphic file (type
 bmp)
<../dataset/images/output/6324034_boundary_frame257.jpg>

Overfull \hbox (5.68698pt too wide) in paragraph at lines 151--157
[]\OT1/cmr/m/n/10 People - 84973.mp4 \JY1/mc/m/n/10 で \OT1/cmr/m/n/10 Video \J
Y1/mc/m/n/10 クラスをインスタンス化し 、 \OT1/cmtt/m/n/10 parse[]filename\JY1/m
c/m/n/10 、 \OT1/cmtt/m/n/10 create[]thumbnail\JY1/mc/m/n/10 、 \OT1/cmtt/m/n/1
0 get[]info
 []

) (./sections/05_discussion.tex

[9]

[10]

[11]

[12]) (./sections/disc_b1.tex

[13]
File: ../experiments/figures/exp01_metric_traces.pdf Graphic file (type pdf)
<../experiments/figures/exp01_metric_traces.pdf>
File: ../experiments/figures/exp01_selected_frames.pdf Graphic file (type pdf)
<../experiments/figures/exp01_selected_frames.pdf>


[14]

[15]
File: ../experiments/figures/exp01_normalized.pdf Graphic file (type pdf)
<../experiments/figures/exp01_normalized.pdf>


[16]) (./sections/disc_b2.tex
Overfull \hbox (50.26779pt too wide) in paragraph at lines 10--13
[]\OT1/cmr/m/n/10 report[]audio.wav(\JY1/mc/m/n/10 標本化周波数 $\OML/cmm/m/it/
10 f[] \OT1/cmr/m/n/10 = 44100$ Hz\JY1/mc/m/n/10 、 \OT1/cmr/m/n/10 264600 \JY1
/mc/m/n/10 サンプル 、 \OT1/cmr/m/n/10 6.00 \JY1/mc/m/n/10 秒\OT1/cmr/m/n/10 ) 
\JY1/mc/m/n/10 に対して 、 \OT1/cmtt/m/n/10 scipy.signal.spectrogram\OT1/cmr/m/
n/10 [[]]
 []



[17]
File: ../experiments/figures/exp02_nperseg_grid.pdf Graphic file (type pdf)
<../experiments/figures/exp02_nperseg_grid.pdf>
File: ../experiments/figures/exp02_contrast_vs_nperseg.pdf Graphic file (type p
df)
<../experiments/figures/exp02_contrast_vs_nperseg.pdf>


[18]

[19]
File: ../experiments/figures/exp02_window.pdf Graphic file (type pdf)
<../experiments/figures/exp02_window.pdf>
File: ../experiments/figures/exp02_scale.pdf Graphic file (type pdf)
<../experiments/figures/exp02_scale.pdf>


[20]

[21]

[22]) (./sections/disc_b3.tex

[23]
File: ../experiments/figures/exp03_methods.pdf Graphic file (type pdf)
<../experiments/figures/exp03_methods.pdf>


[24]
File: ../experiments/figures/exp03_scaling.pdf Graphic file (type pdf)
<../experiments/figures/exp03_scaling.pdf>


[25]

[26]
Overfull \hbox (6.45985pt too wide) in paragraph at lines 201--204
[]\JY1/mc/m/n/10 課題 \OT1/cmr/m/n/10 4 \JY1/mc/m/n/10 の実処理は 「 読み込み 
→ 反転 → \OT1/cmr/m/n/10 0.3 \JY1/mc/m/n/10 倍リサイズ → 書き出し 」 の繰り
返しである 。 \OT1/cmtt/m/n/10 time.perf[]counter
 []

File: ../experiments/figures/exp03_pipeline.pdf Graphic file (type pdf)
<../experiments/figures/exp03_pipeline.pdf>
) (./sections/06_references.tex (./sections/refs_b1.tex)
(./sections/refs_b2.tex

[27]
Underfull \hbox (badness 3977) in paragraph at lines 1--5
[]\OT1/cmr/m/n/10 P. Vir-ta-nen, R. Gom-mers, T. E. Oliphant, et al.: ``SciPy 1
.0: fun-da-men-tal al-go-
 []

) (./sections/refs_b3.tex)) (./sections/90_appendix.tex
File: "../src/6324034_final_exam.py"  (verbatim)


[28]

[29]

[30]

[31]

[32]

[33]

[34]

[35]

[36]

[37]
File: "../results/run_base.txt"  (verbatim)

Overfull \hbox (87.32004pt too wide) in paragraph at lines 14--14
[]\JY1/mc/m/n/9 サムネイルを保存しました\OT1/cmtt/m/n/9 : /Users/kimura2003/Dow
nloads/rikadai kadai python/dataset/images/output/6324034_thumbnail.jpg[] 
 []



[38]
Overfull \hbox (96.76993pt too wide) in paragraph at lines 14--14
[]\JY1/mc/m/n/9 色反転動画を保存しました\OT1/cmtt/m/n/9 : /Users/kimura2003/Dow
nloads/rikadai kadai python/dataset/videos/output/6324034_cat_reverse.mp4[] 
 []


Overfull \hbox (121.24976pt too wide) in paragraph at lines 14--14
[]\JY1/mc/m/n/9 スペクトログラムを保存しました\OT1/cmtt/m/n/9 : /Users/kimura20
03/Downloads/rikadai kadai python/dataset/images/output/6324034_spectrogram.jpg
[] 
 []


Overfull \hbox (80.45004pt too wide) in paragraph at lines 14--14
[]\JY1/mc/m/n/9 グラフを保存しました\OT1/cmtt/m/n/9 : /Users/kimura2003/Downloa
ds/rikadai kadai python/dataset/images/output/6324034_2gram_graph.jpg[] 
 []


Overfull \hbox (141.87433pt too wide) in paragraph at lines 14--14
[]\JY1/mc/m/n/9 グラフを保存しました\OT1/cmtt/m/n/9 : /Users/kimura2003/Downloa
ds/rikadai kadai python/dataset/images/output/6324034_2gram_graph_no_stopwords.
jpg[] 
 []


Overfull \hbox (95.47998pt too wide) in paragraph at lines 14--14
[]\JY1/mc/m/n/9 変化量グラフを保存しました\OT1/cmtt/m/n/9 : /Users/kimura2003/D
ownloads/rikadai kadai python/dataset/images/output/6324034_framediff.jpg[] 
 []



[39]
Overfull \hbox (21.97534pt too wide) in paragraph at lines 14--14
[]\OT1/cmtt/m/n/9 binary: /Users/kimura2003/Downloads/rikadai kadai python/data
set/videos/output/6324034_cat_binary.mp4[] 
 []


Overfull \hbox (3.07556pt too wide) in paragraph at lines 14--14
[]\OT1/cmtt/m/n/9 gray: /Users/kimura2003/Downloads/rikadai kadai python/datase
t/videos/output/6324034_cat_gray.mp4[] 
 []


Overfull \hbox (69.2248pt too wide) in paragraph at lines 14--14
[]\OT1/cmtt/m/n/9 reverse_hof: /Users/kimura2003/Downloads/rikadai kadai python
/dataset/videos/output/6324034_cat_reverse_hof.mp4[] 
 []

(./sections/appendix_b1.tex
File: "../experiments/exp01_thumbnail.py"  (verbatim)


[40]

[41]

[42]

[43]

[44]

[45]
File: "../results/exp01.txt"  (verbatim)


[46]
Overfull \hbox (12.52545pt too wide) in paragraph at lines 15--15
[]\OT1/cmtt/m/n/9 saved: /Users/kimura2003/Downloads/rikadai kadai python/exper
iments/figures/exp01_metric_traces.pdf[] 
 []


Overfull \hbox (21.97534pt too wide) in paragraph at lines 15--15
[]\OT1/cmtt/m/n/9 saved: /Users/kimura2003/Downloads/rikadai kadai python/exper
iments/figures/exp01_selected_frames.pdf[] 
 []

) (./sections/appendix_b2.tex
File: "../experiments/exp02_spectrogram.py"  (verbatim)


[47]

[48]

[49]

[50]

[51]
File: "../results/exp02.txt"  (verbatim)

Overfull \hbox (49.95532pt too wide) in paragraph at lines 14--14
[]\JY1/mc/m/n/9 図を保存しました\OT1/cmtt/m/n/9 : /Users/kimura2003/Downloads/r
ikadai kadai python/experiments/figures/exp02_nperseg_grid.pdf[] 
 []


Overfull \hbox (21.60565pt too wide) in paragraph at lines 14--14
[]\JY1/mc/m/n/9 図を保存しました\OT1/cmtt/m/n/9 : /Users/kimura2003/Downloads/r
ikadai kadai python/experiments/figures/exp02_window.pdf[] 
 []


Overfull \hbox (16.8807pt too wide) in paragraph at lines 14--14
[]\JY1/mc/m/n/9 図を保存しました\OT1/cmtt/m/n/9 : /Users/kimura2003/Downloads/r
ikadai kadai python/experiments/figures/exp02_scale.pdf[] 
 []


Overfull \hbox (83.02994pt too wide) in paragraph at lines 14--14
[]\JY1/mc/m/n/9 図を保存しました\OT1/cmtt/m/n/9 : /Users/kimura2003/Downloads/r
ikadai kadai python/experiments/figures/exp02_contrast_vs_nperseg.pdf[] 
 []


Overfull \hbox (27.62054pt too wide) in paragraph at lines 14--14
[]\OT1/cmtt/m/n/9 CSV \JY1/mc/m/n/9 を保存しました\OT1/cmtt/m/n/9 : /Users/kimu
ra2003/Downloads/rikadai kadai python/experiments/data/exp02_contrast.csv[] 
 []

) (./sections/appendix_b3.tex
File: "../experiments/exp03_invert_timing.py"  (verbatim)


[52]

[53]

[54]

[55]

[56]

[57]

[58]

[59]
File: "../results/exp03.txt"  (verbatim)

Overfull \hbox (116.37141pt too wide) in paragraph at lines 10--10
[]\JY1/mc/m/n/9 方式                                              サイズ      
中央値 \OT1/cmtt/m/n/9 [ms]     \JY1/mc/m/n/9 最小 \OT1/cmtt/m/n/9 [ms]     \JY
1/mc/m/n/9 最大 \OT1/cmtt/m/n/9 [ms]  number               \JY1/mc/m/n/9 備
 []


Overfull \hbox (83.46478pt too wide) in paragraph at lines 10--10
[]\OT1/cmtt/m/n/9 255 - frame (\JY1/mc/m/n/9 採用手法\OT1/cmtt/m/n/9 )         
               1280x720        2.2157     0.6907     2.5249    1880         mea
sured[] 
 []


Overfull \hbox (69.2248pt too wide) in paragraph at lines 10--10
[]\OT1/cmtt/m/n/9 np.subtract(out=) in-place                1280x720        0.7
896     0.2959     1.4665    1236         measured[] 
 []


Overfull \hbox (92.24031pt too wide) in paragraph at lines 10--10
[]\OT1/cmtt/m/n/9 Python 3 \JY1/mc/m/n/9 重ル ープ \OT1/cmtt/m/n/9 (160x90 \JY1
/mc/m/n/9 実測\OT1/cmtt/m/n/9 )                   160x90        39.9825    20.9
705    87.6172       1         measured[] 
 []


Overfull \hbox (95.67531pt too wide) in paragraph at lines 10--10
[]\OT1/cmtt/m/n/9 Python 3 \JY1/mc/m/n/9 重ル ープ \OT1/cmtt/m/n/9 (1280x720 \J
Y1/mc/m/n/9 換算値\OT1/cmtt/m/n/9 )               1280x720     2558.8826  1342.
1120  5607.4986       1 extrapolated x64[] 
 []


Overfull \hbox (103.0328pt too wide) in paragraph at lines 10--10
[]\OT1/cmtt/m/n/9 cv2.bitwise_not (\JY1/mc/m/n/9 参考 ・ 提出では使用禁止\OT1/c
mtt/m/n/9 )             1280x720        1.3317     0.8164     3.2829    1966   
      measured[] 
 []



[60]
Overfull \hbox (48.24512pt too wide) in paragraph at lines 10--10
[]\JY1/mc/m/n/9 出力\OT1/cmtt/m/n/9 : 384x216, /Users/kimura2003/Downloads/rika
dai kadai python/dataset/videos/output/exp03_invert_0.3x.mp4[] 
 []

))

[61] (./report.aux)
 ***********
pLaTeX2e <2023-02-14>+1, based on
LaTeX2e <2024-11-01> patch level 2
L3 programming layer <2025-01-18>
 ***********


LaTeX Font Warning: Some font shapes were not available, defaults substituted.

 ) 
Here is how much of TeX's memory you used:
 2673 strings out of 473836
 47034 string characters out of 5731189
 453120 words of memory out of 5000000
 25844 multiletter control sequences out of 15000+600000
 573340 words of font info for 92 fonts, out of 8000000 for 9000
 929 hyphenation exceptions out of 8191
 57i,11n,65p,408b,464s stack positions out of 10000i,1000n,20000p,200000b,200000s

Output written on report.dvi (62 pages, 205052 bytes).
