{"worker": 2, "task": 143, "family": "history_loose_strict_lower", "cost": 148, "known": 1.0, "sha": "d3b05e52036a"}
{"worker": 2, "zip_progress": 100, "survivors": 1}
{"worker": 2, "zip_progress": 200, "survivors": 1}
{"worker": 2, "zip_progress": 300, "survivors": 1}
{"worker": 2, "phase": "exact_simplifier", "task": 42}
{"worker": 2, "phase": "exact_simplifier", "task": 64}
{"worker": 2, "phase": "exact_simplifier", "task": 123}
{"worker": 2, "phase": "exact_simplifier", "task": 143}
{"worker": 2, "phase": "exact_simplifier", "task": 159}
{"worker": 2, "phase": "exact_simplifier", "task": 228}
{"worker": 2, "phase": "exact_simplifier", "task": 316}
{"worker": 2, "phase": "lowcost_transfer", "task": 42}
{"worker": 2, "phase": "lowcost_transfer", "task": 64}
{"worker": 2, "phase": "lowcost_transfer", "task": 123}
{"worker": 2, "phase": "lowcost_transfer", "task": 143}
{"worker": 2, "phase": "lowcost_transfer", "task": 159}
{"worker": 2, "phase": "lowcost_transfer", "task": 228}
{"worker": 2, "phase": "lowcost_transfer", "task": 316}
{"worker": 2, "full_task": 143, "rank": 1, "cost": 148, "known_pass": true, "fresh": [0.001, 0.0015], "pass": false}
{"worker": 2, "band": [200, 299], "assigned": [42, 64, 123, 143, 159, 228, 316], "finalists": []}
