{
  "scope": 25,
  "eligible": {
    "5": 2325,
    "54": 2110,
    "367": 2005,
    "89": 1340,
    "23": 1321,
    "2": 1286,
    "340": 1173,
    "125": 1043
  },
  "screen_candidates": 219,
  "groups": [
    {
      "worker_index": 0,
      "tasks": [
        2,
        125,
        340
      ],
      "candidate_load": 69
    },
    {
      "worker_index": 1,
      "tasks": [
        5,
        23,
        54
      ],
      "candidate_load": 72
    },
    {
      "worker_index": 2,
      "tasks": [
        89,
        367
      ],
      "candidate_load": 78
    }
  ]
}
{"worker": 1, "pid": 87501, "task_done": 5, "screened": 11, "eligible": 0, "winner": null}
{"worker": 0, "pid": 87500, "task_done": 2, "screened": 0, "eligible": 0, "winner": null}
{"worker": 1, "pid": 87501, "task": 23, "rank": 1, "cost": 1317, "known": 1.0, "fresh": [0.8595, 0.84], "pass": false}
{"worker": 2, "pid": 87502, "task_done": 89, "screened": 39, "eligible": 0, "winner": null}
{"worker": 1, "pid": 87501, "task": 23, "rank": 2, "cost": 1319, "known": 1.0, "fresh": [0.8595, 0.84], "pass": false}
{"worker": 1, "pid": 87501, "task_done": 23, "screened": 17, "eligible": 2, "winner": null}
{"worker": 2, "pid": 87502, "task_done": 367, "screened": 39, "eligible": 0, "winner": null}
{"worker": 0, "pid": 87500, "task_done": 125, "screened": 57, "eligible": 0, "winner": null}
{"worker": 0, "pid": 87500, "task_done": 340, "screened": 12, "eligible": 0, "winner": null}
{"worker": 1, "pid": 87501, "task_done": 54, "screened": 44, "eligible": 0, "winner": null}
{
  "scope_count": 25,
  "excluded_count": 17,
  "eligible_count": 8,
  "screen_candidates": 219,
  "fresh_audited": 2,
  "admitted": 0,
  "exact_admitted": 0,
  "policy90_nonexact_admitted": 0,
  "projected_gain": 0,
  "projected_lb_if_all_admitted_hold": 8012.15
}
