Latexmk: A user -r option asked me to process an rc file an extra time.
   Name of file = '.latexmkrc'
   Abs. path = '/Users/kimura2003/Downloads/rikadai kadai2/report/.latexmkrc'
  I'll not process it
Rc files read:
  .latexmkrc
Latexmk: This is Latexmk, John Collins, 27 Dec. 2024. Version 4.86a.
Latexmk: applying rule 'latex'...
Rule 'latex':  Reasons for rerun
Changed files or newly in use/created:
  sections/02_algorithm.tex
Category 'changed_user':
  sections/02_algorithm.tex

------------
Run number 1 of rule 'latex'
------------
------------
Running 'platex -halt-on-error -interaction=nonstopmode  -recorder  "report.tex"'
------------
This is e-upTeX, Version 3.141592653-p4.1.2-u2.00-250202-2.6 (utf8.euc) (TeX Live 2025) (preloaded format=platex)
 restricted \write18 enabled.
entering extended mode
(./report.tex(guessed encoding #3: UTF-8 = utf8)
pLaTeX2e <2023-02-14>+1, based on
LaTeX2e <2024-11-01> patch level 2
L3 programming layer <2025-01-18>
(/usr/local/texlive/2025/texmf-dist/tex/platex/base/jarticle.cls(guessed encoding #6: ISO-2022-JP = jis)
Document Class: jarticle 2020/09/30 v1.8f Standard pLaTeX class
(/usr/local/texlive/2025/texmf-dist/tex/platex/base/jsize10.clo(guessed encoding #7: ASCII = utf8)))
(/usr/local/texlive/2025/texmf-dist/tex/latex/graphics/graphicx.sty(guessed encoding #6: ASCII = utf8)
(/usr/local/texlive/2025/texmf-dist/tex/latex/graphics/keyval.sty(guessed encoding #7: ASCII = utf8))
(/usr/local/texlive/2025/texmf-dist/tex/latex/graphics/graphics.sty(guessed encoding #7: ASCII = utf8)
(/usr/local/texlive/2025/texmf-dist/tex/latex/graphics/trig.sty(guessed encoding #8: ASCII = utf8))
(/usr/local/texlive/2025/texmf-dist/tex/latex/graphics-cfg/graphics.cfg(guessed encoding #8: ASCII = utf8))
(/usr/local/texlive/2025/texmf-dist/tex/latex/graphics-def/dvipdfmx.def(guessed encoding #8: ASCII = utf8))))
(/usr/local/texlive/2025/texmf-dist/tex/latex/tools/verbatim.sty(guessed encoding #6: ASCII = utf8))
(/usr/local/texlive/2025/texmf-dist/tex/latex/amsmath/amsmath.sty(guessed encoding #6: ASCII = utf8)
For additional information on amsmath, use the `?' option.
(/usr/local/texlive/2025/texmf-dist/tex/latex/amsmath/amstext.sty(guessed encoding #7: ASCII = utf8)
(/usr/local/texlive/2025/texmf-dist/tex/latex/amsmath/amsgen.sty(guessed encoding #8: ASCII = utf8)))
(/usr/local/texlive/2025/texmf-dist/tex/latex/amsmath/amsbsy.sty(guessed encoding #7: ASCII = utf8))
(/usr/local/texlive/2025/texmf-dist/tex/latex/amsmath/amsopn.sty(guessed encoding #7: ASCII = utf8)))
(/usr/local/texlive/2025/texmf-dist/tex/latex/pgf/frontendlayer/tikz.sty(guessed encoding #6: ASCII = utf8)
(/usr/local/texlive/2025/texmf-dist/tex/latex/pgf/basiclayer/pgf.sty(guessed encoding #7: ASCII = utf8)
(/usr/local/texlive/2025/texmf-dist/tex/latex/pgf/utilities/pgfrcs.sty(guessed encoding #8: ASCII = utf8)
(/usr/local/texlive/2025/texmf-dist/tex/generic/pgf/utilities/pgfutil-common.te
x(guessed encoding #9: ASCII = utf8))
(/usr/local/texlive/2025/texmf-dist/tex/generic/pgf/utilities/pgfutil-latex.def
(guessed encoding #9: ASCII = utf8)) (/usr/local/texlive/2025/texmf-dist/tex/generic/pgf/utilities/pgfrcs.code.tex
(guessed encoding #9: ASCII = utf8)(/usr/local/texlive/2025/texmf-dist/tex/generic/pgf/pgf.revision.tex(guessed encoding #11: ASCII = utf8))))
(/usr/local/texlive/2025/texmf-dist/tex/latex/pgf/basiclayer/pgfcore.sty(guessed encoding #8: ASCII = utf8)
(/usr/local/texlive/2025/texmf-dist/tex/latex/pgf/systemlayer/pgfsys.sty(guessed encoding #9: ASCII = utf8)
(/usr/local/texlive/2025/texmf-dist/tex/generic/pgf/systemlayer/pgfsys.code.tex
(guessed encoding #10: ASCII = utf8)(/usr/local/texlive/2025/texmf-dist/tex/generic/pgf/utilities/pgfkeys.code.tex(guessed encoding #11: ASCII = utf8)
(/usr/local/texlive/2025/texmf-dist/tex/generic/pgf/utilities/pgfkeyslibraryfil
tered.code.tex(guessed encoding #12: ASCII = utf8)))
(/usr/local/texlive/2025/texmf-dist/tex/generic/pgf/systemlayer/pgf.cfg(guessed encoding #11: ASCII = utf8))
(/usr/local/texlive/2025/texmf-dist/tex/generic/pgf/systemlayer/pgfsys-dvipdfmx
.def(guessed encoding #12: ASCII = utf8)
(/usr/local/texlive/2025/texmf-dist/tex/generic/pgf/systemlayer/pgfsys-common-p
df.def(guessed encoding #13: ASCII = utf8))))
(/usr/local/texlive/2025/texmf-dist/tex/generic/pgf/systemlayer/pgfsyssoftpath.
code.tex(guessed encoding #10: ASCII = utf8))
(/usr/local/texlive/2025/texmf-dist/tex/generic/pgf/systemlayer/pgfsysprotocol.
code.tex(guessed encoding #10: ASCII = utf8))) (/usr/local/texlive/2025/texmf-dist/tex/latex/xcolor/xcolor.sty(guessed encoding #9: ASCII = utf8)
(/usr/local/texlive/2025/texmf-dist/tex/latex/graphics-cfg/color.cfg(guessed encoding #10: ASCII = utf8))
(/usr/local/texlive/2025/texmf-dist/tex/latex/graphics/mathcolor.ltx(guessed encoding #10: ASCII = utf8)))
(/usr/local/texlive/2025/texmf-dist/tex/generic/pgf/basiclayer/pgfcore.code.tex
(guessed encoding #9: ASCII = utf8)(/usr/local/texlive/2025/texmf-dist/tex/generic/pgf/math/pgfmath.code.tex(guessed encoding #10: ASCII = utf8)
(/usr/local/texlive/2025/texmf-dist/tex/generic/pgf/math/pgfmathutil.code.tex(guessed encoding #11: ASCII = utf8))
(/usr/local/texlive/2025/texmf-dist/tex/generic/pgf/math/pgfmathparser.code.tex
(guessed encoding #11: ASCII = utf8))
(/usr/local/texlive/2025/texmf-dist/tex/generic/pgf/math/pgfmathfunctions.code.
tex(guessed encoding #11: ASCII = utf8))
(/usr/local/texlive/2025/texmf-dist/tex/generic/pgf/math/pgfmathfunctions.basic
.code.tex(guessed encoding #11: ASCII = utf8))
(/usr/local/texlive/2025/texmf-dist/tex/generic/pgf/math/pgfmathfunctions.trigo
nometric.code.tex(guessed encoding #11: ASCII = utf8))
(/usr/local/texlive/2025/texmf-dist/tex/generic/pgf/math/pgfmathfunctions.rando
m.code.tex(guessed encoding #11: ASCII = utf8))
(/usr/local/texlive/2025/texmf-dist/tex/generic/pgf/math/pgfmathfunctions.compa
rison.code.tex(guessed encoding #11: ASCII = utf8))
(/usr/local/texlive/2025/texmf-dist/tex/generic/pgf/math/pgfmathfunctions.base.
code.tex(guessed encoding #11: ASCII = utf8))
(/usr/local/texlive/2025/texmf-dist/tex/generic/pgf/math/pgfmathfunctions.round
.code.tex(guessed encoding #11: ASCII = utf8))
(/usr/local/texlive/2025/texmf-dist/tex/generic/pgf/math/pgfmathfunctions.misc.
code.tex(guessed encoding #11: ASCII = utf8))
(/usr/local/texlive/2025/texmf-dist/tex/generic/pgf/math/pgfmathfunctions.integ
erarithmetics.code.tex(guessed encoding #11: ASCII = utf8))
(/usr/local/texlive/2025/texmf-dist/tex/generic/pgf/math/pgfmathcalc.code.tex(guessed encoding #11: ASCII = utf8))
(/usr/local/texlive/2025/texmf-dist/tex/generic/pgf/math/pgfmathfloat.code.tex(guessed encoding #11: ASCII = utf8))
) (/usr/local/texlive/2025/texmf-dist/tex/generic/pgf/math/pgfint.code.tex(guessed encoding #10: ASCII = utf8))
(/usr/local/texlive/2025/texmf-dist/tex/generic/pgf/basiclayer/pgfcorepoints.co
de.tex(guessed encoding #10: ASCII = utf8))
(/usr/local/texlive/2025/texmf-dist/tex/generic/pgf/basiclayer/pgfcorepathconst
ruct.code.tex(guessed encoding #10: ASCII = utf8))
(/usr/local/texlive/2025/texmf-dist/tex/generic/pgf/basiclayer/pgfcorepathusage
.code.tex(guessed encoding #10: ASCII = utf8))
(/usr/local/texlive/2025/texmf-dist/tex/generic/pgf/basiclayer/pgfcorescopes.co
de.tex(guessed encoding #10: ASCII = utf8))
(/usr/local/texlive/2025/texmf-dist/tex/generic/pgf/basiclayer/pgfcoregraphicst
ate.code.tex(guessed encoding #10: ASCII = utf8))
(/usr/local/texlive/2025/texmf-dist/tex/generic/pgf/basiclayer/pgfcoretransform
ations.code.tex(guessed encoding #10: ASCII = utf8))
(/usr/local/texlive/2025/texmf-dist/tex/generic/pgf/basiclayer/pgfcorequick.cod
e.tex(guessed encoding #10: ASCII = utf8))
(/usr/local/texlive/2025/texmf-dist/tex/generic/pgf/basiclayer/pgfcoreobjects.c
ode.tex(guessed encoding #10: ASCII = utf8))
(/usr/local/texlive/2025/texmf-dist/tex/generic/pgf/basiclayer/pgfcorepathproce
ssing.code.tex(guessed encoding #10: ASCII = utf8))
(/usr/local/texlive/2025/texmf-dist/tex/generic/pgf/basiclayer/pgfcorearrows.co
de.tex(guessed encoding #10: ASCII = utf8))
(/usr/local/texlive/2025/texmf-dist/tex/generic/pgf/basiclayer/pgfcoreshade.cod
e.tex(guessed encoding #10: ASCII = utf8))
(/usr/local/texlive/2025/texmf-dist/tex/generic/pgf/basiclayer/pgfcoreimage.cod
e.tex(guessed encoding #10: ASCII = utf8))
(/usr/local/texlive/2025/texmf-dist/tex/generic/pgf/basiclayer/pgfcoreexternal.
code.tex(guessed encoding #10: ASCII = utf8))
(/usr/local/texlive/2025/texmf-dist/tex/generic/pgf/basiclayer/pgfcorelayers.co
de.tex(guessed encoding #10: ASCII = utf8))
(/usr/local/texlive/2025/texmf-dist/tex/generic/pgf/basiclayer/pgfcoretranspare
ncy.code.tex(guessed encoding #10: ASCII = utf8))
(/usr/local/texlive/2025/texmf-dist/tex/generic/pgf/basiclayer/pgfcorepatterns.
code.tex(guessed encoding #10: ASCII = utf8))
(/usr/local/texlive/2025/texmf-dist/tex/generic/pgf/basiclayer/pgfcorerdf.code.
tex(guessed encoding #10: ASCII = utf8))))
(/usr/local/texlive/2025/texmf-dist/tex/generic/pgf/modules/pgfmoduleshapes.cod
e.tex(guessed encoding #8: ASCII = utf8))
(/usr/local/texlive/2025/texmf-dist/tex/generic/pgf/modules/pgfmoduleplot.code.
tex(guessed encoding #8: ASCII = utf8))
(/usr/local/texlive/2025/texmf-dist/tex/latex/pgf/compatibility/pgfcomp-version
-0-65.sty(guessed encoding #8: ASCII = utf8))
(/usr/local/texlive/2025/texmf-dist/tex/latex/pgf/compatibility/pgfcomp-version
-1-18.sty(guessed encoding #8: ASCII = utf8)))
(/usr/local/texlive/2025/texmf-dist/tex/latex/pgf/utilities/pgffor.sty(guessed encoding #7: ASCII = utf8)
(/usr/local/texlive/2025/texmf-dist/tex/latex/pgf/utilities/pgfkeys.sty(guessed encoding #8: ASCII = utf8)
(/usr/local/texlive/2025/texmf-dist/tex/generic/pgf/utilities/pgfkeys.code.tex(guessed encoding #9: ASCII = utf8))
) (/usr/local/texlive/2025/texmf-dist/tex/latex/pgf/math/pgfmath.sty(guessed encoding #8: ASCII = utf8)
(/usr/local/texlive/2025/texmf-dist/tex/generic/pgf/math/pgfmath.code.tex(guessed encoding #9: ASCII = utf8)))
(/usr/local/texlive/2025/texmf-dist/tex/generic/pgf/utilities/pgffor.code.tex(guessed encoding #8: ASCII = utf8)))

(/usr/local/texlive/2025/texmf-dist/tex/generic/pgf/frontendlayer/tikz/tikz.cod
e.tex(guessed encoding #7: ASCII = utf8)
(/usr/local/texlive/2025/texmf-dist/tex/generic/pgf/libraries/pgflibraryplothan
dlers.code.tex(guessed encoding #9: ASCII = utf8))
(/usr/local/texlive/2025/texmf-dist/tex/generic/pgf/modules/pgfmodulematrix.cod
e.tex(guessed encoding #8: ASCII = utf8))
(/usr/local/texlive/2025/texmf-dist/tex/generic/pgf/frontendlayer/tikz/librarie
s/tikzlibrarytopaths.code.tex(guessed encoding #9: ASCII = utf8))))
(/usr/local/texlive/2025/texmf-dist/tex/generic/pgf/frontendlayer/tikz/librarie
s/tikzlibraryshapes.geometric.code.tex(guessed encoding #7: ASCII = utf8)
(/usr/local/texlive/2025/texmf-dist/tex/generic/pgf/libraries/shapes/pgflibrary
shapes.geometric.code.tex(guessed encoding #8: ASCII = utf8)))
(/usr/local/texlive/2025/texmf-dist/tex/generic/pgf/libraries/pgflibraryarrows.
meta.code.tex(guessed encoding #7: ASCII = utf8))
(/usr/local/texlive/2025/texmf-dist/tex/generic/pgf/frontendlayer/tikz/librarie
s/tikzlibrarypositioning.code.tex(guessed encoding #7: ASCII = utf8))
(/usr/local/texlive/2025/texmf-dist/tex/latex/geometry/geometry.sty(guessed encoding #6: ASCII = utf8)
(/usr/local/texlive/2025/texmf-dist/tex/generic/iftex/ifvtex.sty(guessed encoding #7: ASCII = utf8)
(/usr/local/texlive/2025/texmf-dist/tex/generic/iftex/iftex.sty(guessed encoding #8: ASCII = utf8))))
(/usr/local/texlive/2025/texmf-dist/tex/latex/l3backend/l3backend-dvipdfmx.def(guessed encoding #6: ASCII = utf8))
 (./report.aux(guessed encoding #6: UTF-8 = utf8))
*geometry* detected driver: dvipdfm

[1] (./report.toc(guessed encoding #8: UTF-8 = utf8)
[1]
[2])
[3] (./sections/01_kadai.tex(guessed encoding #9: UTF-8 = utf8)) (./sections/02_algorithm.tex(guessed encoding #9: UTF-8 = utf8)
[4]
[5]
[6]) (./sections/03_program.tex(guessed encoding #9: UTF-8 = utf8)
[7]
[8]
[9]

LaTeX Font Warning: Font shape `OMS/cmtt/m/n' undefined
(Font)              using `OMS/cmsy/m/n' instead
(Font)              for symbol `textbraceleft' on input line 82.


[10]
[11]) (./sections/04_results.tex(guessed encoding #9: UTF-8 = utf8)
[12]
[13]
[14]) (./sections/05_kousatsu.tex(guessed encoding #9: UTF-8 = utf8)
[15]
Overfull \hbox (10.55887pt too wide) in paragraph at lines 17--18
[]\JY1/mc/m/n/10 テンプレ ート化により， 値の型ごとにクラスを書き直すことなく \
OT1/cmtt/m/n/10 HashTable<int>\JY1/mc/m/n/10 ， \OT1/cmtt/m/n/10 HashTable<doub
le>\JY1/mc/m/n/10 ，

[16]
[17]
[18]
[19]
[20]
[21]
[22]
[23]
[24]
Overfull \hbox (10.98795pt too wide) in paragraph at lines 295--296
[]\JY1/mc/m/n/10 本課題のようなノ ードを \OT1/cmtt/m/n/10 new \JY1/mc/m/n/10 で
個別確保するチ ェ イン法は ， \OT1/cmr/m/n/10 C++ \JY1/mc/m/n/10 標準ライブラリ
の \OT1/cmtt/m/n/10 std::unordered[]map

Overfull \hbox (34.76129pt too wide) in paragraph at lines 295--296
\JY1/mc/m/n/10 と同系統の構造である ． 実は \OT1/cmr/m/n/10 C++ \JY1/mc/m/n/10 
標準規格が要素へのポインタ安定性などを要求するため ， \OT1/cmtt/m/n/10 std::uno
rdered[]map

[25]
[26]
[27]
[28]
[29]
[30]
[31]
[32]
Overfull \hbox (6.49194pt too wide) in paragraph at lines 459--472
 [][][][] 

[33]) (./sections/06_kansou.tex(guessed encoding #9: UTF-8 = utf8)) (./sections/07_references.tex(guessed encoding #9: UTF-8 = utf8)
(/usr/local/texlive/2025/texmf-dist/tex/latex/base/omscmr.fd(guessed encoding #10: ASCII = utf8))
[34]
Overfull \hbox (35.97787pt too wide) in paragraph at lines 54--57
[]\OT1/cmtt/m/n/9 https://medium.com/@tprodanov/benchmarking-non-cryptographic-
hash-functions-in-rust-2e6091077d11 

Overfull \hbox (31.25293pt too wide) in paragraph at lines 59--62
[]\OT1/cmtt/m/n/9 https://www.slingacademy.com/article/security-considerations-
hashdos-and-rusts-default-siphash/ 
) (./sections/appendix_source.tex(guessed encoding #9: UTF-8 = utf8)
[35](guessed encoding #10: UTF-8 = utf8)
[36](guessed encoding #10: UTF-8 = utf8)
[37]
[38]
[39](guessed encoding #10: UTF-8 = utf8)
Overfull \hbox (4.36424pt too wide) in paragraph at lines 9--9
[]    \OT1/cmtt/m/n/7 std::cout << "find absent (before erase present): " << (p
c != nullptr ? std::to_string(*pc) : "none") << std::endl;[] 

Overfull \hbox (4.36424pt too wide) in paragraph at lines 9--9
[]    \OT1/cmtt/m/n/7 std::cout << "find present (after erase present): " << (p
c != nullptr ? std::to_string(*pc) : "none") << std::endl;[] 

Overfull \hbox (0.64545pt too wide) in paragraph at lines 9--9
[]    \OT1/cmtt/m/n/7 std::cout << "find absent (after erase present): " << (pc
 != nullptr ? std::to_string(*pc) : "none") << std::endl;[] 

[40]
[41]
[42](guessed encoding #10: ASCII = utf8)
[43]
[44](guessed encoding #10: UTF-8 = utf8)
[45](guessed encoding #10: UTF-8 = utf8)
[46]
[47](guessed encoding #10: UTF-8 = utf8)
[48]
[49]
[50]
[51]
[52](guessed encoding #10: UTF-8 = utf8)
[53]
[54]
[55](guessed encoding #10: ASCII = utf8)
[56]
[57](guessed encoding #10: UTF-8 = utf8)
[58]
[59]
[60](guessed encoding #10: ASCII = utf8)
[61]
[62]
[63](guessed encoding #10: UTF-8 = utf8)
[64]
[65]
[66](guessed encoding #10: UTF-8 = utf8)
[67]
[68]
[69]
[70](guessed encoding #10: UTF-8 = utf8)
[71]
[72]
[73]
[74](guessed encoding #10: UTF-8 = utf8)
[75]
[76]
[77]
[78]
[79]
[80](guessed encoding #10: UTF-8 = utf8)
Overfull \hbox (19.23943pt too wide) in paragraph at lines 48--48
[]    \OT1/cmtt/m/n/7 std::cout << "structure,keylen,insert_total_us,succ_looku
p_ns,unsucc_lookup_ns,succ_strcmp,unsucc_strcmp" << std::endl;[] 

[81]
[82]
[83]
[84]
[85]
[86](guessed encoding #10: UTF-8 = utf8)
[87]
[88]
[89]
[90]
[91]
[92]
[93](guessed encoding #10: UTF-8 = utf8)
[94]
[95]
[96]
[97]) (./sections/appendix_output.tex(guessed encoding #9: UTF-8 = utf8)(guessed encoding #10: UTF-8 = utf8)(guessed encoding #10: UTF-8 = utf8)
[98](guessed encoding #10: UTF-8 = utf8)
[99](guessed encoding #10: UTF-8 = utf8)(guessed encoding #10: ASCII = utf8)(guessed encoding #10: ASCII = utf8)
[100](guessed encoding #10: ASCII = utf8)(guessed encoding #10: ASCII = utf8)
[101](guessed encoding #10: ASCII = utf8)
[102]
[103](guessed encoding #10: ASCII = utf8)(guessed encoding #10: ASCII = utf8)(guessed encoding #10: ASCII = utf8)
[104](guessed encoding #10: ASCII = utf8)(guessed encoding #10: ASCII = utf8)
[105](guessed encoding #10: ASCII = utf8)(guessed encoding #10: UTF-8 = utf8)
[106](guessed encoding #10: ASCII = utf8)(guessed encoding #10: ASCII = utf8)(guessed encoding #10: ASCII = utf8)
Overfull \hbox (3.26167pt too wide) in paragraph at lines 62--63
[]\OT1/cmr/m/n/10 CSV \JY1/mc/m/n/10 の末尾 \OT1/cmr/m/n/10 2 \JY1/mc/m/n/10 列
が検索 \OT1/cmr/m/n/10 1 \JY1/mc/m/n/10 回あたりの文字列比較回数であり （\OT1/c
mtt/m/n/10 -1 \JY1/mc/m/n/10 は計測対象外の \OT1/cmtt/m/n/10 std::unordered[]ma
p\JY1/mc/m/n/10 ） ，

[107])
[108] (./report.aux(guessed encoding #6: UTF-8 = utf8))

LaTeX Font Warning: Some font shapes were not available, defaults substituted.

 )
(see the transcript file for additional information)
Output written on report.dvi (109 pages, 399160 bytes).
Transcript written on report.log.
Latexmk: Getting log file 'report.log'
Latexmk: Examining 'report.fls'
Latexmk: Examining 'report.log'
Latexmk: Log file says output to 'report.dvi'
Latexmk: applying rule 'dvipdf'...
Rule 'dvipdf':  Reasons for rerun
Changed files or newly in use/created:
  report.dvi
Category 'changed_source_rules':
  latex

------------
Run number 1 of rule 'dvipdf'
------------
------------
Running 'dvipdfmx  -o "report.pdf" "report.dvi"'
------------
report.dvi -> report.pdf
[1][2][3][4][5][6][7][8][9][10][11][12][13][14][15][16][17][18][19][20][21][22][23][24][25][26][27][28][29][30][31][32][33][34][35][36][37][38][39][40][41][42][43][44][45][46][47][48][49][50][51][52][53][54][55][56][57][58][59][60][61][62][63][64][65][66][67][68][69][70][71][72][73][74][75][76][77][78][79][80][81][82][83][84][85][86][87][88][89][90][91][92][93][94][95][96][97][98][99][100][101][102][103][104][105][106][107][108][109]
1303358 bytes written
Latexmk: All targets (report.dvi report.pdf) are up-to-date

